This file contains any messages produced by compilers while
running configure, to aid debugging if configure makes a mistake.

It was created by fastGPR configure 0.1.0, which was
generated by GNU Autoconf 2.67.  Invocation command line was

  $ ./configure 

## --------- ##
## Platform. ##
## --------- ##

hostname = baal
uname -m = x86_64
uname -r = 3.5.0-44-generic
uname -s = Linux
uname -v = #67~precise1-Ubuntu SMP Wed Nov 13 16:16:57 UTC 2013

/usr/bin/uname -p = unknown
/bin/uname -X     = unknown

/bin/arch              = unknown
/usr/bin/arch -k       = unknown
/usr/convex/getsysinfo = unknown
/usr/bin/hostinfo      = unknown
/bin/machine           = unknown
/usr/bin/oslevel       = unknown
/bin/universe          = unknown

PATH: /usr/lib/lightdm/lightdm
PATH: /usr/local/sbin
PATH: /usr/local/bin
PATH: /usr/sbin
PATH: /usr/bin
PATH: /sbin
PATH: /bin
PATH: /usr/games
PATH: /home/ghoffman/common/exec
PATH: /usr/local/bin/pseq


## ----------- ##
## Core tests. ##
## ----------- ##

configure:1648: checking for gsl-config
configure:1666: found /usr/local/bin/gsl-config
configure:1678: result: /usr/local/bin/gsl-config
configure:1845: creating ./config.status

## ---------------------- ##
## Running config.status. ##
## ---------------------- ##

This file was extended by fastGPR config.status 0.1.0, which was
generated by GNU Autoconf 2.67.  Invocation command line was

  CONFIG_FILES    = 
  CONFIG_HEADERS  = 
  CONFIG_LINKS    = 
  CONFIG_COMMANDS = 
  $ ./config.status 

on baal

config.status:725: creating src/Makevars

## ---------------- ##
## Cache variables. ##
## ---------------- ##

ac_cv_env_build_alias_set=
ac_cv_env_build_alias_value=
ac_cv_env_host_alias_set=
ac_cv_env_host_alias_value=
ac_cv_env_target_alias_set=
ac_cv_env_target_alias_value=
ac_cv_path_GSL_CONFIG=/usr/local/bin/gsl-config

## ----------------- ##
## Output variables. ##
## ----------------- ##

DEFS='-DPACKAGE_NAME=\"fastGPR\" -DPACKAGE_TARNAME=\"rcppgslexample\" -DPACKAGE_VERSION=\"0.1.0\" -DPACKAGE_STRING=\"fastGPR\ 0.1.0\" -DPACKAGE_BUGREPORT=\"\" -DPACKAGE_URL=\"\"'
ECHO_C=''
ECHO_N='-n'
ECHO_T=''
GSL_CFLAGS='-I/usr/local/include'
GSL_CONFIG='/usr/local/bin/gsl-config'
GSL_LIBS='-L/usr/local/lib -lgsl -lgslcblas -lm'
LIBOBJS=''
LIBS=''
LTLIBOBJS=''
PACKAGE_BUGREPORT=''
PACKAGE_NAME='fastGPR'
PACKAGE_STRING='fastGPR 0.1.0'
PACKAGE_TARNAME='rcppgslexample'
PACKAGE_URL=''
PACKAGE_VERSION='0.1.0'
PATH_SEPARATOR=':'
RCPP_LDFLAGS='-L/usr/local/lib/R/library/Rcpp/lib -lRcpp -Wl,-rpath,/usr/local/lib/R/library/Rcpp/lib'
SHELL='/bin/bash'
bindir='${exec_prefix}/bin'
build_alias=''
datadir='${datarootdir}'
datarootdir='${prefix}/share'
docdir='${datarootdir}/doc/${PACKAGE_TARNAME}'
dvidir='${docdir}'
exec_prefix='${prefix}'
host_alias=''
htmldir='${docdir}'
includedir='${prefix}/include'
infodir='${datarootdir}/info'
libdir='${exec_prefix}/lib'
libexecdir='${exec_prefix}/libexec'
localedir='${datarootdir}/locale'
localstatedir='${prefix}/var'
mandir='${datarootdir}/man'
oldincludedir='/usr/include'
pdfdir='${docdir}'
prefix='/usr/local'
program_transform_name='s,x,x,'
psdir='${docdir}'
sbindir='${exec_prefix}/sbin'
sharedstatedir='${prefix}/com'
sysconfdir='${prefix}/etc'
target_alias=''

## ----------- ##
## confdefs.h. ##
## ----------- ##

/* confdefs.h */
#define PACKAGE_NAME "fastGPR"
#define PACKAGE_TARNAME "rcppgslexample"
#define PACKAGE_VERSION "0.1.0"
#define PACKAGE_STRING "fastGPR 0.1.0"
#define PACKAGE_BUGREPORT ""
#define PACKAGE_URL ""

configure: exit 0
